<?xml version="1.0" encoding="UTF-8"?>
<!-- Generated by org.testng.reporters.JUnitReportReporter -->
<testsuite skipped="0" hostname="DESKTOP-P4M6BH4" name="unittests.ExcelTest" tests="1" failures="0" timestamp="2022-04-23T19:25:23 EDT" time="3.665" errors="0">
  <testcase name="testExcel" time="3.665" classname="unittests.ExcelTest"/>
  <system-out/>
</testsuite> <!-- unittests.ExcelTest -->
