<?xml version="1.0" encoding="UTF-8"?>
<!-- Generated by org.testng.reporters.JUnitReportReporter -->
<testsuite skipped="0" hostname="DESKTOP-P4M6BH4" name="unittests.BrowserTest" tests="1" failures="0" timestamp="2022-04-23T16:47:01 EDT" time="55.922" errors="0">
  <testcase name="testBrowser" time="55.922" classname="unittests.BrowserTest"/>
  <system-out/>
</testsuite> <!-- unittests.BrowserTest -->
