<?xml version="1.0" encoding="UTF-8"?>
<!-- Generated by org.testng.reporters.JUnitReportReporter -->
<testsuite skipped="0" hostname="DESKTOP-P4M6BH4" name="unittests.ConfigTest" tests="1" failures="0" timestamp="2022-04-23T18:34:46 EDT" time="328.955" errors="0">
  <testcase name="getValue" time="328.955" classname="unittests.ConfigTest"/>
  <system-out/>
</testsuite> <!-- unittests.ConfigTest -->
