<?xml version="1.0" encoding="UTF-8"?>
<!-- Generated by org.testng.reporters.JUnitReportReporter -->
<testsuite hostname="DESKTOP-P4M6BH4" failures="0" tests="1" name="page.ExtentReportsDemo" time="5.106" errors="0" timestamp="2022-04-23T14:49:07 EDT" skipped="0">
  <testcase classname="page.ExtentReportsDemo" name="report" time="5.106"/>
  <system-out/>
</testsuite> <!-- page.ExtentReportsDemo -->
