<?xml version="1.0" encoding="UTF-8"?>
<!-- Generated by org.testng.reporters.JUnitReportReporter -->
<testsuite hostname="DESKTOP-P4M6BH4" failures="0" tests="1" name="sample.Checking" time="0.017" errors="0" timestamp="2022-04-23T00:27:00 EDT" skipped="0">
  <testcase classname="sample.Checking" name="test" time="0.017"/>
  <system-out/>
</testsuite> <!-- sample.Checking -->
